<?xml version="1.0" encoding="UTF-8"?>
<testsuites name="jest tests" tests="9" failures="0" time="5.456">
  <testsuite name="我的第一个测试用例" errors="0" failures="0" skipped="0" timestamp="2020-01-16T13:29:31" time="3.267" tests="1">
    <testcase classname="我的第一个测试用例 1等于1" name="我的第一个测试用例 1等于1" time="0.01">
    </testcase>
  </testsuite>
  <testsuite name="test" errors="0" failures="0" skipped="0" timestamp="2020-01-16T13:29:31" time="3.3" tests="1">
    <testcase classname="test 是个div" name="test 是个div" time="0.033">
    </testcase>
  </testsuite>
  <testsuite name="classes" errors="0" failures="0" skipped="0" timestamp="2020-01-16T13:29:31" time="3.309" tests="5">
    <testcase classname="classes 接受 0 个 className" name="classes 接受 0 个 className" time="0.007">
    </testcase>
    <testcase classname="classes 接受 1 个 className" name="classes 接受 1 个 className" time="0.001">
    </testcase>
    <testcase classname="classes 接受 2 个 className" name="classes 接受 2 个 className" time="0">
    </testcase>
    <testcase classname="classes 接受 undefined 结果不会出现 undefined" name="classes 接受 undefined 结果不会出现 undefined" time="0.001">
    </testcase>
    <testcase classname="classes 接受各种奇怪的值" name="classes 接受各种奇怪的值" time="0.001">
    </testcase>
  </testsuite>
  <testsuite name="icon" errors="0" failures="0" skipped="0" timestamp="2020-01-16T13:29:31" time="3.447" tests="2">
    <testcase classname="icon render successfully" name="icon render successfully" time="0.029">
    </testcase>
    <testcase classname="icon onClick" name="icon onClick" time="0.082">
    </testcase>
  </testsuite>
</testsuites>